SF:/home/runner/work/user-auth-system-with-spring-boot/user-auth-system-with-spring-boot/user-auth-system/src/main/java/com/hikmethankolay/user_auth_system/security/AuthConfig.java
DA:36,1
DA:47,1
DA:29,1
DA:12,1
DA:1,1
end_of_record
SF:/home/runner/work/user-auth-system-with-spring-boot/user-auth-system-with-spring-boot/user-auth-system/src/main/java/com/hikmethankolay/user_auth_system/controller/AuthController.java
DA:39,1
DA:42,1
DA:49,1
DA:60,1
DA:77,1
DA:133,1
DA:154,1
DA:120,1
DA:36,1
DA:11,1
DA:1,1
end_of_record
SF:/home/runner/work/user-auth-system-with-spring-boot/user-auth-system-with-spring-boot/user-auth-system/src/main/java/com/hikmethankolay/user_auth_system/aspect/AuthLogger.java
DA:37,1
DA:43,1
DA:49,1
DA:55,1
DA:61,1
DA:67,1
DA:74,1
DA:90,1
DA:102,1
DA:124,1
DA:34,1
DA:13,1
DA:1,0
end_of_record
SF:/home/runner/work/user-auth-system-with-spring-boot/user-auth-system-with-spring-boot/user-auth-system/src/main/java/com/hikmethankolay/user_auth_system/config/CorsConfig.java
DA:41,1
DA:34,1
DA:13,1
DA:1,1
end_of_record
SF:/home/runner/work/user-auth-system-with-spring-boot/user-auth-system-with-spring-boot/user-auth-system/src/main/java/com/hikmethankolay/user_auth_system/enums/EApiStatus.java
DA:28,1
DA:31,1
DA:35,1
DA:26,1
DA:12,1
DA:1,1
end_of_record
SF:/home/runner/work/user-auth-system-with-spring-boot/user-auth-system-with-spring-boot/user-auth-system/src/main/java/com/hikmethankolay/user_auth_system/validator/EnumValidatorForCollection.java
DA:25,0
DA:26,0
DA:33,1
DA:47,1
DA:23,1
DA:9,0
DA:1,1
end_of_record
SF:/home/runner/work/user-auth-system-with-spring-boot/user-auth-system-with-spring-boot/user-auth-system/src/main/java/com/hikmethankolay/user_auth_system/validator/EnumValidatorForEnum.java
DA:25,0
DA:32,1
DA:43,1
DA:23,1
DA:9,1
DA:1,1
end_of_record
SF:/home/runner/work/user-auth-system-with-spring-boot/user-auth-system-with-spring-boot/user-auth-system/src/main/java/com/hikmethankolay/user_auth_system/validator/EnumValidatorForString.java
DA:24,0
DA:25,0
DA:32,1
DA:46,1
DA:22,1
DA:1,1
end_of_record
SF:/home/runner/work/user-auth-system-with-spring-boot/user-auth-system-with-spring-boot/user-auth-system/src/main/java/com/hikmethankolay/user_auth_system/enums/ERole.java
DA:27,1
DA:30,1
DA:34,1
DA:25,1
DA:1,1
end_of_record
SF:/home/runner/work/user-auth-system-with-spring-boot/user-auth-system-with-spring-boot/user-auth-system/src/main/java/com/hikmethankolay/user_auth_system/exception/GlobalExceptionHandler.java
DA:44,1
DA:59,1
DA:36,1
DA:13,1
DA:1,1
end_of_record
SF:/home/runner/work/user-auth-system-with-spring-boot/user-auth-system-with-spring-boot/user-auth-system/src/main/java/com/hikmethankolay/user_auth_system/security/JwtFilter.java
DA:43,1
DA:46,1
DA:53,1
DA:67,1
DA:40,1
DA:1,1
end_of_record
SF:/home/runner/work/user-auth-system-with-spring-boot/user-auth-system-with-spring-boot/user-auth-system/src/main/java/com/hikmethankolay/user_auth_system/util/JwtUtils.java
DA:38,1
DA:42,1
DA:46,1
DA:56,1
DA:74,1
DA:91,1
DA:102,1
DA:113,1
DA:127,1
DA:34,1
DA:13,1
DA:1,1
end_of_record
SF:/home/runner/work/user-auth-system-with-spring-boot/user-auth-system-with-spring-boot/user-auth-system/src/main/java/com/hikmethankolay/user_auth_system/security/LoginAttemptService.java
DA:36,1
DA:39,1
DA:46,1
DA:61,1
DA:69,1
DA:85,1
DA:34,1
DA:1,1
end_of_record
SF:/home/runner/work/user-auth-system-with-spring-boot/user-auth-system-with-spring-boot/user-auth-system/src/main/java/com/hikmethankolay/user_auth_system/entity/Role.java
DA:36,1
DA:41,1
DA:48,1
DA:53,1
DA:60,1
DA:68,1
DA:76,1
DA:84,1
DA:92,1
DA:100,1
DA:108,1
DA:116,1
DA:125,1
DA:30,1
DA:12,1
DA:1,1
end_of_record
SF:/home/runner/work/user-auth-system-with-spring-boot/user-auth-system-with-spring-boot/user-auth-system/src/main/java/com/hikmethankolay/user_auth_system/controller/RoleController.java
DA:40,1
DA:46,1
DA:55,1
DA:66,1
DA:37,1
DA:1,1
end_of_record
SF:/home/runner/work/user-auth-system-with-spring-boot/user-auth-system-with-spring-boot/user-auth-system/src/main/java/com/hikmethankolay/user_auth_system/repository/RoleRepository.java
DA:34,1
DA:12,1
DA:1,1
end_of_record
SF:/home/runner/work/user-auth-system-with-spring-boot/user-auth-system-with-spring-boot/user-auth-system/src/main/java/com/hikmethankolay/user_auth_system/service/RoleService.java
DA:34,1
DA:48,1
DA:57,1
DA:31,1
DA:12,1
DA:1,1
end_of_record
SF:/home/runner/work/user-auth-system-with-spring-boot/user-auth-system-with-spring-boot/user-auth-system/src/main/java/com/hikmethankolay/user_auth_system/security/SecurityConfig.java
DA:38,1
DA:44,1
DA:55,1
DA:35,1
DA:1,1
end_of_record
SF:/home/runner/work/user-auth-system-with-spring-boot/user-auth-system-with-spring-boot/user-auth-system/src/main/java/com/hikmethankolay/user_auth_system/config/SwaggerConfig.java
DA:38,1
DA:27,1
DA:1,1
end_of_record
SF:/home/runner/work/user-auth-system-with-spring-boot/user-auth-system-with-spring-boot/user-auth-system/src/main/java/com/hikmethankolay/user_auth_system/enums/TokenStatus.java
DA:27,1
DA:30,1
DA:34,1
DA:25,1
DA:1,1
end_of_record
SF:/home/runner/work/user-auth-system-with-spring-boot/user-auth-system-with-spring-boot/user-auth-system/src/main/java/com/hikmethankolay/user_auth_system/entity/User.java
DA:37,1
DA:41,1
DA:45,1
DA:49,1
DA:56,1
DA:64,1
DA:73,1
DA:79,1
DA:85,1
DA:91,1
DA:97,1
DA:103,1
DA:109,1
DA:115,1
DA:121,1
DA:127,1
DA:133,1
DA:139,1
DA:145,1
DA:152,1
DA:163,1
DA:32,1
DA:1,1
end_of_record
SF:/home/runner/work/user-auth-system-with-spring-boot/user-auth-system-with-spring-boot/user-auth-system/src/main/java/com/hikmethankolay/user_auth_system/UserAuthSystemApplication.java
DA:32,1
DA:25,1
DA:12,1
DA:1,1
end_of_record
SF:/home/runner/work/user-auth-system-with-spring-boot/user-auth-system-with-spring-boot/user-auth-system/src/main/java/com/hikmethankolay/user_auth_system/controller/UserController.java
DA:44,1
DA:51,1
DA:61,1
DA:75,1
DA:92,1
DA:102,1
DA:119,1
DA:137,1
DA:154,1
DA:164,1
DA:41,1
DA:1,1
end_of_record
SF:/home/runner/work/user-auth-system-with-spring-boot/user-auth-system-with-spring-boot/user-auth-system/src/main/java/com/hikmethankolay/user_auth_system/dto/UserInfo.java
DA:29,1
DA:35,1
DA:41,1
DA:1,1
end_of_record
SF:/home/runner/work/user-auth-system-with-spring-boot/user-auth-system-with-spring-boot/user-auth-system/src/main/java/com/hikmethankolay/user_auth_system/dto/UserInfoDTO.java
DA:32,1
DA:35,1
DA:38,1
DA:41,1
DA:46,1
DA:52,1
DA:65,1
DA:73,1
DA:81,1
DA:89,1
DA:97,1
DA:105,1
DA:113,1
DA:121,1
DA:130,1
DA:29,1
DA:1,1
end_of_record
SF:/home/runner/work/user-auth-system-with-spring-boot/user-auth-system-with-spring-boot/user-auth-system/src/main/java/com/hikmethankolay/user_auth_system/dto/UserRegisterDTO.java
DA:38,1
DA:43,1
DA:48,1
DA:57,1
DA:63,1
DA:69,1
DA:80,1
DA:88,1
DA:96,1
DA:104,1
DA:112,1
DA:120,1
DA:128,1
DA:136,1
DA:145,1
DA:35,1
DA:1,0
end_of_record
SF:/home/runner/work/user-auth-system-with-spring-boot/user-auth-system-with-spring-boot/user-auth-system/src/main/java/com/hikmethankolay/user_auth_system/repository/UserRepository.java
DA:38,1
DA:45,1
DA:52,1
DA:60,1
DA:1,1
end_of_record
SF:/home/runner/work/user-auth-system-with-spring-boot/user-auth-system-with-spring-boot/user-auth-system/src/main/java/com/hikmethankolay/user_auth_system/service/UserService.java
DA:48,1
DA:51,1
DA:54,1
DA:57,1
DA:60,1
DA:63,1
DA:73,1
DA:87,1
DA:96,1
DA:104,1
DA:120,1
DA:130,1
DA:153,1
DA:191,1
DA:226,1
DA:290,1
DA:45,1
DA:1,1
end_of_record
SF:/home/runner/work/user-auth-system-with-spring-boot/user-auth-system-with-spring-boot/user-auth-system/src/main/java/com/hikmethankolay/user_auth_system/dto/UserUpdateDTO.java
DA:37,1
DA:41,1
DA:45,1
DA:53,1
DA:57,1
DA:62,1
DA:68,1
DA:82,1
DA:90,1
DA:98,1
DA:106,1
DA:114,1
DA:122,1
DA:130,1
DA:138,1
DA:146,1
DA:154,1
DA:163,1
DA:34,1
DA:1,1
end_of_record
SF:/home/runner/work/user-auth-system-with-spring-boot/user-auth-system-with-spring-boot/user-auth-system/src/main/java/com/hikmethankolay/user_auth_system/validator/ValidEnum.java
DA:33,0
DA:39,1
DA:45,1
DA:51,1
DA:57,1
DA:1,1
end_of_record
SF:/home/runner/work/user-auth-system-with-spring-boot/user-auth-system-with-spring-boot/user-auth-system/src/main/java/com/hikmethankolay/user_auth_system/dto/ApiResponseDTO.java
DA:28,1
DA:15,1
DA:1,1
end_of_record
SF:/home/runner/work/user-auth-system-with-spring-boot/user-auth-system-with-spring-boot/user-auth-system/src/main/java/com/hikmethankolay/user_auth_system/dto/AuthResponseDTO.java
DA:22,1
DA:1,1
end_of_record
SF:/home/runner/work/user-auth-system-with-spring-boot/user-auth-system-with-spring-boot/user-auth-system/src/main/java/com/hikmethankolay/user_auth_system/dto/LoginRequestDTO.java
DA:26,0
DA:1,1
end_of_record
SF:/home/runner/work/user-auth-system-with-spring-boot/user-auth-system-with-spring-boot/user-auth-system/src/main/java/com/hikmethankolay/user_auth_system/dto/RoleInfoDTO.java
DA:27,1
DA:1,1
end_of_record
SF:/home/runner/work/user-auth-system-with-spring-boot/user-auth-system-with-spring-boot/user-auth-system/src/main/java/com/hikmethankolay/user_auth_system/dto/RoleUserInfoDTO.java
DA:29,1
DA:1,1
end_of_record
