SF:/home/runner/work/user-auth-system-with-spring-boot/user-auth-system-with-spring-boot/user-auth-system/src/main/java/com/hikmethankolay/user_auth_system/config/AuthConfig.java
DA:32,1
DA:43,1
DA:25,1
DA:11,1
DA:1,1
end_of_record
SF:/home/runner/work/user-auth-system-with-spring-boot/user-auth-system-with-spring-boot/user-auth-system/src/main/java/com/hikmethankolay/user_auth_system/controller/AuthController.java
DA:40,1
DA:43,1
DA:50,1
DA:61,1
DA:79,1
DA:135,1
DA:156,1
DA:122,1
DA:37,1
DA:11,1
DA:1,1
end_of_record
SF:/home/runner/work/user-auth-system-with-spring-boot/user-auth-system-with-spring-boot/user-auth-system/src/main/java/com/hikmethankolay/user_auth_system/aspect/AuthLogger.java
DA:37,1
DA:43,1
DA:49,1
DA:55,1
DA:61,1
DA:67,1
DA:74,1
DA:90,1
DA:102,1
DA:124,1
DA:34,1
DA:13,1
DA:1,0
end_of_record
SF:/home/runner/work/user-auth-system-with-spring-boot/user-auth-system-with-spring-boot/user-auth-system/src/main/java/com/hikmethankolay/user_auth_system/config/CorsConfig.java
DA:41,1
DA:34,1
DA:1,1
end_of_record
SF:/home/runner/work/user-auth-system-with-spring-boot/user-auth-system-with-spring-boot/user-auth-system/src/main/java/com/hikmethankolay/user_auth_system/enums/EApiStatus.java
DA:28,1
DA:31,1
DA:35,1
DA:26,1
DA:12,1
DA:1,1
end_of_record
SF:/home/runner/work/user-auth-system-with-spring-boot/user-auth-system-with-spring-boot/user-auth-system/src/main/java/com/hikmethankolay/user_auth_system/validator/EnumValidatorForCollection.java
DA:28,0
DA:29,0
DA:36,1
DA:55,1
DA:26,1
DA:9,1
DA:1,1
end_of_record
SF:/home/runner/work/user-auth-system-with-spring-boot/user-auth-system-with-spring-boot/user-auth-system/src/main/java/com/hikmethankolay/user_auth_system/validator/EnumValidatorForEnum.java
DA:25,0
DA:32,1
DA:43,1
DA:23,1
DA:1,1
end_of_record
SF:/home/runner/work/user-auth-system-with-spring-boot/user-auth-system-with-spring-boot/user-auth-system/src/main/java/com/hikmethankolay/user_auth_system/validator/EnumValidatorForString.java
DA:27,0
DA:28,0
DA:35,1
DA:54,1
DA:25,1
DA:1,1
end_of_record
SF:/home/runner/work/user-auth-system-with-spring-boot/user-auth-system-with-spring-boot/user-auth-system/src/main/java/com/hikmethankolay/user_auth_system/enums/ERole.java
DA:27,1
DA:30,1
DA:34,1
DA:25,1
DA:1,1
end_of_record
SF:/home/runner/work/user-auth-system-with-spring-boot/user-auth-system-with-spring-boot/user-auth-system/src/main/java/com/hikmethankolay/user_auth_system/exception/GlobalExceptionHandler.java
DA:44,1
DA:59,1
DA:36,1
DA:13,1
DA:1,1
end_of_record
SF:/home/runner/work/user-auth-system-with-spring-boot/user-auth-system-with-spring-boot/user-auth-system/src/main/java/com/hikmethankolay/user_auth_system/security/JwtFilter.java
DA:43,1
DA:46,1
DA:53,1
DA:67,1
DA:40,1
DA:12,1
DA:1,1
end_of_record
SF:/home/runner/work/user-auth-system-with-spring-boot/user-auth-system-with-spring-boot/user-auth-system/src/main/java/com/hikmethankolay/user_auth_system/util/JwtUtils.java
DA:38,1
DA:42,1
DA:46,1
DA:56,1
DA:74,1
DA:91,1
DA:102,1
DA:113,1
DA:127,1
DA:34,1
DA:13,1
DA:1,1
end_of_record
SF:/home/runner/work/user-auth-system-with-spring-boot/user-auth-system-with-spring-boot/user-auth-system/src/main/java/com/hikmethankolay/user_auth_system/service/LoginAttemptService.java
DA:32,1
DA:35,1
DA:42,1
DA:57,1
DA:65,1
DA:81,1
DA:30,1
DA:12,1
DA:1,1
end_of_record
SF:/home/runner/work/user-auth-system-with-spring-boot/user-auth-system-with-spring-boot/user-auth-system/src/main/java/com/hikmethankolay/user_auth_system/entity/Role.java
DA:34,1
DA:39,1
DA:44,1
DA:51,1
DA:59,1
DA:67,1
DA:75,1
DA:83,1
DA:92,1
DA:28,1
DA:12,1
DA:1,1
end_of_record
SF:/home/runner/work/user-auth-system-with-spring-boot/user-auth-system-with-spring-boot/user-auth-system/src/main/java/com/hikmethankolay/user_auth_system/repository/RoleRepository.java
DA:34,1
DA:12,1
DA:1,1
end_of_record
SF:/home/runner/work/user-auth-system-with-spring-boot/user-auth-system-with-spring-boot/user-auth-system/src/main/java/com/hikmethankolay/user_auth_system/service/RoleService.java
DA:34,1
DA:48,1
DA:57,1
DA:31,1
DA:1,1
end_of_record
SF:/home/runner/work/user-auth-system-with-spring-boot/user-auth-system-with-spring-boot/user-auth-system/src/main/java/com/hikmethankolay/user_auth_system/security/SecurityConfig.java
DA:38,1
DA:44,1
DA:55,1
DA:35,1
DA:1,1
end_of_record
SF:/home/runner/work/user-auth-system-with-spring-boot/user-auth-system-with-spring-boot/user-auth-system/src/main/java/com/hikmethankolay/user_auth_system/config/SwaggerConfig.java
DA:38,1
DA:27,1
DA:1,1
end_of_record
SF:/home/runner/work/user-auth-system-with-spring-boot/user-auth-system-with-spring-boot/user-auth-system/src/main/java/com/hikmethankolay/user_auth_system/enums/TokenStatus.java
DA:27,1
DA:30,1
DA:34,1
DA:25,1
DA:1,1
end_of_record
SF:/home/runner/work/user-auth-system-with-spring-boot/user-auth-system-with-spring-boot/user-auth-system/src/main/java/com/hikmethankolay/user_auth_system/entity/User.java
DA:36,1
DA:40,1
DA:44,1
DA:48,1
DA:53,1
DA:61,1
DA:70,1
DA:76,1
DA:82,1
DA:88,1
DA:94,1
DA:100,1
DA:106,1
DA:112,1
DA:118,1
DA:124,1
DA:130,1
DA:137,1
DA:149,1
DA:31,1
DA:1,1
end_of_record
SF:/home/runner/work/user-auth-system-with-spring-boot/user-auth-system-with-spring-boot/user-auth-system/src/main/java/com/hikmethankolay/user_auth_system/UserAuthSystemApplication.java
DA:32,1
DA:25,1
DA:12,1
DA:1,1
end_of_record
SF:/home/runner/work/user-auth-system-with-spring-boot/user-auth-system-with-spring-boot/user-auth-system/src/main/java/com/hikmethankolay/user_auth_system/controller/UserController.java
DA:41,1
DA:48,1
DA:58,1
DA:72,1
DA:89,1
DA:100,1
DA:105,0
DA:134,1
DA:154,1
DA:167,1
DA:115,1
DA:38,1
DA:1,1
end_of_record
SF:/home/runner/work/user-auth-system-with-spring-boot/user-auth-system-with-spring-boot/user-auth-system/src/main/java/com/hikmethankolay/user_auth_system/dto/UserDTO.java
DA:50,1
DA:64,1
DA:77,1
DA:99,1
DA:108,1
DA:135,1
DA:147,1
DA:162,1
DA:169,1
DA:176,1
DA:183,1
DA:190,1
DA:197,1
DA:208,1
DA:215,1
DA:222,1
DA:229,1
DA:241,1
DA:42,1
DA:1,1
end_of_record
SF:/home/runner/work/user-auth-system-with-spring-boot/user-auth-system-with-spring-boot/user-auth-system/src/main/java/com/hikmethankolay/user_auth_system/repository/UserRepository.java
DA:38,1
DA:45,1
DA:52,1
DA:60,1
DA:1,1
end_of_record
SF:/home/runner/work/user-auth-system-with-spring-boot/user-auth-system-with-spring-boot/user-auth-system/src/main/java/com/hikmethankolay/user_auth_system/service/UserService.java
DA:47,1
DA:50,1
DA:53,1
DA:56,1
DA:59,1
DA:62,1
DA:72,1
DA:86,1
DA:95,1
DA:103,1
DA:119,1
DA:129,1
DA:156,1
DA:194,1
DA:229,1
DA:277,1
DA:296,1
DA:44,1
DA:1,1
end_of_record
SF:/home/runner/work/user-auth-system-with-spring-boot/user-auth-system-with-spring-boot/user-auth-system/src/main/java/com/hikmethankolay/user_auth_system/validator/ValidEnum.java
DA:33,0
DA:39,1
DA:45,1
DA:51,1
DA:57,1
DA:9,1
DA:1,1
end_of_record
SF:/home/runner/work/user-auth-system-with-spring-boot/user-auth-system-with-spring-boot/user-auth-system/src/main/java/com/hikmethankolay/user_auth_system/dto/ApiResponseDTO.java
DA:28,1
DA:15,1
DA:1,1
end_of_record
SF:/home/runner/work/user-auth-system-with-spring-boot/user-auth-system-with-spring-boot/user-auth-system/src/main/java/com/hikmethankolay/user_auth_system/dto/AuthResponseDTO.java
DA:22,1
DA:1,1
end_of_record
SF:/home/runner/work/user-auth-system-with-spring-boot/user-auth-system-with-spring-boot/user-auth-system/src/main/java/com/hikmethankolay/user_auth_system/dto/LoginRequestDTO.java
DA:26,0
DA:1,1
end_of_record
